\BOOKMARK [1][-]{section.1}{概述}{}% 1
\BOOKMARK [1][-]{section.2}{介绍}{}% 2
\BOOKMARK [1][-]{section.3}{相关工作}{}% 3
\BOOKMARK [2][-]{subsection.3.1}{Emoticon\040in\040Social\040Networks}{section.3}% 4
\BOOKMARK [2][-]{subsection.3.2}{Distributed\040Representations\040of\040Sentences,\040Documents\040and\040Words}{section.3}% 5
\BOOKMARK [2][-]{subsection.3.3}{Sequence\040to\040Sequence\040Learning\040with\040Neural\040Networks}{section.3}% 6
\BOOKMARK [2][-]{subsection.3.4}{Maching\040Reading\040and\040Comprehension}{section.3}% 7
\BOOKMARK [3][-]{subsubsection.3.4.1}{Deep\040LSTM\040Reader}{subsection.3.4}% 8
\BOOKMARK [3][-]{subsubsection.3.4.2}{Attentive\040Reader}{subsection.3.4}% 9
\BOOKMARK [3][-]{subsubsection.3.4.3}{Impatient\040Reader}{subsection.3.4}% 10
\BOOKMARK [3][-]{subsubsection.3.4.4}{Attention\040Sum\040Reader}{subsection.3.4}% 11
\BOOKMARK [3][-]{subsubsection.3.4.5}{Gate\040Attention\040Reader}{subsection.3.4}% 12
\BOOKMARK [3][-]{subsubsection.3.4.6}{Iterative\040Alternating\040Attention}{subsection.3.4}% 13
\BOOKMARK [2][-]{subsection.3.5}{Mutiple\040Model\040Joint\040Learning}{section.3}% 14
\BOOKMARK [1][-]{section.4}{模型}{}% 15
\BOOKMARK [2][-]{subsection.4.1}{Recurrent\040Neural\040Networks\040\(RNN\)}{section.4}% 16
\BOOKMARK [2][-]{subsection.4.2}{Long-Short\040Term\040Memory\040\(LSTM\)}{section.4}% 17
\BOOKMARK [2][-]{subsection.4.3}{Gated\040Recurrent\040Unit\040\(GRU\)}{section.4}% 18
\BOOKMARK [2][-]{subsection.4.4}{Model\040for\040Emoticon\040Prediction}{section.4}% 19
\BOOKMARK [2][-]{subsection.4.5}{Joint\040Model}{section.4}% 20
\BOOKMARK [1][-]{section.5}{实验}{}% 21
\BOOKMARK [2][-]{subsection.5.1}{实验设置}{section.5}% 22
\BOOKMARK [2][-]{subsection.5.2}{数据设置}{section.5}% 23
\BOOKMARK [2][-]{subsection.5.3}{实验参数}{section.5}% 24
\BOOKMARK [2][-]{subsection.5.4}{实验结果}{section.5}% 25
\BOOKMARK [2][-]{subsection.5.5}{实验分析}{section.5}% 26
